2024-05-16T06:32:01.009+04:00  INFO 3156 --- [ResfulDemo] [Test worker] a.e.a.w.r.ResfulDemoApplicationTests     : Starting ResfulDemoApplicationTests using Java 17.0.10 with PID 3156 (started by nargi in C:\Users\nargi\OneDrive\Documents\web2\resfuldemo)
2024-05-16T06:32:01.014+04:00  INFO 3156 --- [ResfulDemo] [Test worker] a.e.a.w.r.ResfulDemoApplicationTests     : No active profile set, falling back to 1 default profile: "default"
2024-05-16T06:32:02.451+04:00  INFO 3156 --- [ResfulDemo] [Test worker] .s.d.r.c.RepositoryConfigurationDelegate : Bootstrapping Spring Data JPA repositories in DEFAULT mode.
2024-05-16T06:32:02.587+04:00  INFO 3156 --- [ResfulDemo] [Test worker] .s.d.r.c.RepositoryConfigurationDelegate : Finished Spring Data repository scanning in 116 ms. Found 2 JPA repository interfaces.
2024-05-16T06:32:04.174+04:00  INFO 3156 --- [ResfulDemo] [Test worker] o.hibernate.jpa.internal.util.LogHelper  : HHH000204: Processing PersistenceUnitInfo [name: default]
2024-05-16T06:32:04.387+04:00  INFO 3156 --- [ResfulDemo] [Test worker] org.hibernate.Version                    : HHH000412: Hibernate ORM core version 6.4.4.Final
2024-05-16T06:32:04.486+04:00  INFO 3156 --- [ResfulDemo] [Test worker] o.h.c.internal.RegionFactoryInitiator    : HHH000026: Second-level cache disabled
2024-05-16T06:32:05.176+04:00  INFO 3156 --- [ResfulDemo] [Test worker] o.s.o.j.p.SpringPersistenceUnitInfo      : No LoadTimeWeaver setup: ignoring JPA class transformer
2024-05-16T06:32:05.245+04:00  INFO 3156 --- [ResfulDemo] [Test worker] com.zaxxer.hikari.HikariDataSource       : HikariPool-1 - Starting...
2024-05-16T06:32:05.508+04:00  INFO 3156 --- [ResfulDemo] [Test worker] com.zaxxer.hikari.pool.HikariPool        : HikariPool-1 - Added connection conn0: url=jdbc:h2:mem:restDB user=SA
2024-05-16T06:32:05.512+04:00  INFO 3156 --- [ResfulDemo] [Test worker] com.zaxxer.hikari.HikariDataSource       : HikariPool-1 - Start completed.
2024-05-16T06:32:05.560+04:00  WARN 3156 --- [ResfulDemo] [Test worker] org.hibernate.dialect.Dialect            : HHH000511: The 1.4.200 version for [org.hibernate.dialect.H2Dialect] is no longer supported, hence certain features may not work properly. The minimum supported version is 2.1.214. Check the community dialects project for available legacy versions.
2024-05-16T06:32:06.864+04:00  INFO 3156 --- [ResfulDemo] [Test worker] o.h.e.t.j.p.i.JtaPlatformInitiator       : HHH000489: No JTA platform available (set 'hibernate.transaction.jta.platform' to enable JTA platform integration)
2024-05-16T06:32:06.909+04:00  INFO 3156 --- [ResfulDemo] [Test worker] j.LocalContainerEntityManagerFactoryBean : Initialized JPA EntityManagerFactory for persistence unit 'default'
2024-05-16T06:32:07.628+04:00  INFO 3156 --- [ResfulDemo] [Test worker] o.s.d.j.r.query.QueryEnhancerFactory     : Hibernate is in classpath; If applicable, HQL parser will be used.
2024-05-16T06:32:08.975+04:00  WARN 3156 --- [ResfulDemo] [Test worker] JpaBaseConfiguration$JpaWebConfiguration : spring.jpa.open-in-view is enabled by default. Therefore, database queries may be performed during view rendering. Explicitly configure spring.jpa.open-in-view to disable this warning
2024-05-16T06:32:09.065+04:00  INFO 3156 --- [ResfulDemo] [Test worker] o.s.b.a.w.s.WelcomePageHandlerMapping    : Adding welcome page template: index
2024-05-16T06:32:10.350+04:00  INFO 3156 --- [ResfulDemo] [Test worker] a.e.a.w.r.ResfulDemoApplicationTests     : Started ResfulDemoApplicationTests in 9.925 seconds (process running for 12.628)
2024-05-16T06:34:41.170+04:00  INFO 3156 --- [ResfulDemo] [SpringApplicationShutdownHook] j.LocalContainerEntityManagerFactoryBean : Closing JPA EntityManagerFactory for persistence unit 'default'
2024-05-16T06:34:41.179+04:00  INFO 3156 --- [ResfulDemo] [SpringApplicationShutdownHook] com.zaxxer.hikari.HikariDataSource       : HikariPool-1 - Shutdown initiated...
2024-05-16T06:34:41.200+04:00  INFO 3156 --- [ResfulDemo] [SpringApplicationShutdownHook] com.zaxxer.hikari.HikariDataSource       : HikariPool-1 - Shutdown completed.
2024-05-16T06:34:52.315+04:00  INFO 9192 --- [ResfulDemo] [main] a.e.a.w.r.ResfulDemoApplication          : Starting ResfulDemoApplication using Java 17.0.10 with PID 9192 (C:\Users\nargi\OneDrive\Documents\web2\resfuldemo\build\classes\java\main started by nargi in C:\Users\nargi\OneDrive\Documents\web2\resfuldemo)
2024-05-16T06:34:52.317+04:00  INFO 9192 --- [ResfulDemo] [main] a.e.a.w.r.ResfulDemoApplication          : No active profile set, falling back to 1 default profile: "default"
2024-05-16T06:34:52.827+04:00  INFO 9192 --- [ResfulDemo] [main] .s.d.r.c.RepositoryConfigurationDelegate : Bootstrapping Spring Data JPA repositories in DEFAULT mode.
2024-05-16T06:34:52.893+04:00  INFO 9192 --- [ResfulDemo] [main] .s.d.r.c.RepositoryConfigurationDelegate : Finished Spring Data repository scanning in 59 ms. Found 2 JPA repository interfaces.
2024-05-16T06:34:53.436+04:00  INFO 9192 --- [ResfulDemo] [main] o.s.b.w.embedded.tomcat.TomcatWebServer  : Tomcat initialized with port 8080 (http)
2024-05-16T06:34:53.448+04:00  INFO 9192 --- [ResfulDemo] [main] o.apache.catalina.core.StandardService   : Starting service [Tomcat]
2024-05-16T06:34:53.449+04:00  INFO 9192 --- [ResfulDemo] [main] o.apache.catalina.core.StandardEngine    : Starting Servlet engine: [Apache Tomcat/10.1.20]
2024-05-16T06:34:53.508+04:00  INFO 9192 --- [ResfulDemo] [main] o.a.c.c.C.[Tomcat].[localhost].[/]       : Initializing Spring embedded WebApplicationContext
2024-05-16T06:34:53.508+04:00  INFO 9192 --- [ResfulDemo] [main] w.s.c.ServletWebServerApplicationContext : Root WebApplicationContext: initialization completed in 1149 ms
2024-05-16T06:34:53.638+04:00  INFO 9192 --- [ResfulDemo] [main] o.hibernate.jpa.internal.util.LogHelper  : HHH000204: Processing PersistenceUnitInfo [name: default]
2024-05-16T06:34:53.672+04:00  INFO 9192 --- [ResfulDemo] [main] org.hibernate.Version                    : HHH000412: Hibernate ORM core version 6.4.4.Final
2024-05-16T06:34:53.697+04:00  INFO 9192 --- [ResfulDemo] [main] o.h.c.internal.RegionFactoryInitiator    : HHH000026: Second-level cache disabled
2024-05-16T06:34:53.885+04:00  INFO 9192 --- [ResfulDemo] [main] o.s.o.j.p.SpringPersistenceUnitInfo      : No LoadTimeWeaver setup: ignoring JPA class transformer
2024-05-16T06:34:53.903+04:00  INFO 9192 --- [ResfulDemo] [main] com.zaxxer.hikari.HikariDataSource       : HikariPool-1 - Starting...
2024-05-16T06:34:54.000+04:00  INFO 9192 --- [ResfulDemo] [main] com.zaxxer.hikari.pool.HikariPool        : HikariPool-1 - Added connection conn0: url=jdbc:h2:mem:restDB user=SA
2024-05-16T06:34:54.001+04:00  INFO 9192 --- [ResfulDemo] [main] com.zaxxer.hikari.HikariDataSource       : HikariPool-1 - Start completed.
2024-05-16T06:34:54.026+04:00  WARN 9192 --- [ResfulDemo] [main] org.hibernate.dialect.Dialect            : HHH000511: The 1.4.200 version for [org.hibernate.dialect.H2Dialect] is no longer supported, hence certain features may not work properly. The minimum supported version is 2.1.214. Check the community dialects project for available legacy versions.
2024-05-16T06:34:54.778+04:00  INFO 9192 --- [ResfulDemo] [main] o.h.e.t.j.p.i.JtaPlatformInitiator       : HHH000489: No JTA platform available (set 'hibernate.transaction.jta.platform' to enable JTA platform integration)
2024-05-16T06:34:54.805+04:00  INFO 9192 --- [ResfulDemo] [main] j.LocalContainerEntityManagerFactoryBean : Initialized JPA EntityManagerFactory for persistence unit 'default'
2024-05-16T06:34:55.070+04:00  INFO 9192 --- [ResfulDemo] [main] o.s.d.j.r.query.QueryEnhancerFactory     : Hibernate is in classpath; If applicable, HQL parser will be used.
2024-05-16T06:34:55.443+04:00  WARN 9192 --- [ResfulDemo] [main] JpaBaseConfiguration$JpaWebConfiguration : spring.jpa.open-in-view is enabled by default. Therefore, database queries may be performed during view rendering. Explicitly configure spring.jpa.open-in-view to disable this warning
2024-05-16T06:34:55.474+04:00  INFO 9192 --- [ResfulDemo] [main] o.s.b.a.w.s.WelcomePageHandlerMapping    : Adding welcome page template: index
2024-05-16T06:34:55.869+04:00  INFO 9192 --- [ResfulDemo] [main] o.s.b.w.embedded.tomcat.TomcatWebServer  : Tomcat started on port 8080 (http) with context path ''
2024-05-16T06:34:55.877+04:00  INFO 9192 --- [ResfulDemo] [main] a.e.a.w.r.ResfulDemoApplication          : Started ResfulDemoApplication in 3.907 seconds (process running for 4.141)
2024-05-16T06:34:56.476+04:00  INFO 9192 --- [ResfulDemo] [http-nio-8080-exec-3] o.a.c.c.C.[Tomcat].[localhost].[/]       : Initializing Spring DispatcherServlet 'dispatcherServlet'
2024-05-16T06:34:56.476+04:00  INFO 9192 --- [ResfulDemo] [http-nio-8080-exec-3] o.s.web.servlet.DispatcherServlet        : Initializing Servlet 'dispatcherServlet'
2024-05-16T06:34:56.477+04:00  INFO 9192 --- [ResfulDemo] [http-nio-8080-exec-3] o.s.web.servlet.DispatcherServlet        : Completed initialization in 1 ms
2024-05-16T06:35:06.212+04:00  INFO 9192 --- [ResfulDemo] [http-nio-8080-exec-6] a.e.a.w.r.aspect.ServiceLoggingAspect    : Calling method save with arguments [MovieDto(id=null, name=kk, country=kk, wins=9)]
2024-05-16T06:35:06.214+04:00  INFO 9192 --- [ResfulDemo] [http-nio-8080-exec-6] a.e.a.w.r.aspect.ServiceLoggingAspect    : Method save executed
2024-05-16T06:35:06.234+04:00  INFO 9192 --- [ResfulDemo] [http-nio-8080-exec-4] a.e.a.w.r.aspect.ServiceLoggingAspect    : Calling method listDto with arguments [1, name, asc, , ]
2024-05-16T06:35:06.328+04:00  INFO 9192 --- [ResfulDemo] [http-nio-8080-exec-4] a.e.a.w.r.aspect.ServiceLoggingAspect    : Method listDto executed
2024-05-16T06:35:07.487+04:00  INFO 9192 --- [ResfulDemo] [http-nio-8080-exec-7] a.e.a.w.r.aspect.ServiceLoggingAspect    : Calling method getDtoById with arguments [3]
2024-05-16T06:35:07.499+04:00  INFO 9192 --- [ResfulDemo] [http-nio-8080-exec-7] a.e.a.w.r.aspect.ServiceLoggingAspect    : Method getDtoById executed
2024-05-16T06:35:11.837+04:00  INFO 9192 --- [ResfulDemo] [http-nio-8080-exec-9] a.e.a.w.r.aspect.ServiceLoggingAspect    : Calling method save with arguments [MovieDto(id=3, name=Django Unchained, country=U, wins=2)]
2024-05-16T06:35:11.853+04:00  INFO 9192 --- [ResfulDemo] [http-nio-8080-exec-9] a.e.a.w.r.aspect.ServiceLoggingAspect    : Method save executed
2024-05-16T06:35:11.861+04:00  INFO 9192 --- [ResfulDemo] [http-nio-8080-exec-10] a.e.a.w.r.aspect.ServiceLoggingAspect    : Calling method listDto with arguments [1, name, asc, , ]
2024-05-16T06:35:11.864+04:00  INFO 9192 --- [ResfulDemo] [http-nio-8080-exec-10] a.e.a.w.r.aspect.ServiceLoggingAspect    : Method listDto executed
2024-05-16T06:35:13.145+04:00  INFO 9192 --- [ResfulDemo] [http-nio-8080-exec-2] a.e.a.w.r.aspect.ServiceLoggingAspect    : Calling method deleteById with arguments [3]
2024-05-16T06:35:13.158+04:00  INFO 9192 --- [ResfulDemo] [http-nio-8080-exec-2] a.e.a.w.r.aspect.ServiceLoggingAspect    : Method deleteById executed
2024-05-16T06:35:13.163+04:00  INFO 9192 --- [ResfulDemo] [http-nio-8080-exec-3] a.e.a.w.r.aspect.ServiceLoggingAspect    : Calling method listDto with arguments [1, name, asc, , ]
2024-05-16T06:35:13.165+04:00  INFO 9192 --- [ResfulDemo] [http-nio-8080-exec-3] a.e.a.w.r.aspect.ServiceLoggingAspect    : Method listDto executed
2024-05-16T06:35:14.138+04:00  INFO 9192 --- [ResfulDemo] [http-nio-8080-exec-1] a.e.a.w.r.aspect.ServiceLoggingAspect    : Calling method deleteById with arguments [2]
2024-05-16T06:35:14.141+04:00  INFO 9192 --- [ResfulDemo] [http-nio-8080-exec-1] a.e.a.w.r.aspect.ServiceLoggingAspect    : Method deleteById executed
2024-05-16T06:35:14.151+04:00  INFO 9192 --- [ResfulDemo] [http-nio-8080-exec-6] a.e.a.w.r.aspect.ServiceLoggingAspect    : Calling method listDto with arguments [1, name, asc, , ]
2024-05-16T06:35:14.154+04:00  INFO 9192 --- [ResfulDemo] [http-nio-8080-exec-6] a.e.a.w.r.aspect.ServiceLoggingAspect    : Method listDto executed
2024-05-16T06:35:15.351+04:00  INFO 9192 --- [ResfulDemo] [http-nio-8080-exec-4] a.e.a.w.r.aspect.ServiceLoggingAspect    : Calling method deleteById with arguments [4]
2024-05-16T06:35:15.354+04:00  INFO 9192 --- [ResfulDemo] [http-nio-8080-exec-4] a.e.a.w.r.aspect.ServiceLoggingAspect    : Method deleteById executed
2024-05-16T06:35:15.364+04:00  INFO 9192 --- [ResfulDemo] [http-nio-8080-exec-7] a.e.a.w.r.aspect.ServiceLoggingAspect    : Calling method listDto with arguments [1, name, asc, , ]
2024-05-16T06:35:15.366+04:00  INFO 9192 --- [ResfulDemo] [http-nio-8080-exec-7] a.e.a.w.r.aspect.ServiceLoggingAspect    : Method listDto executed
