2024-05-25T16:26:32.070+04:00  INFO 10492 --- [ResfulDemo] [main] a.e.a.w.r.ResfulDemoApplication          : Starting ResfulDemoApplication using Java 17.0.10 with PID 10492 (C:\Users\nargi\OneDrive\Documents\web2\resfuldemo\build\classes\java\main started by nargi in C:\Users\nargi\OneDrive\Documents\web2\resfuldemo)
2024-05-25T16:26:32.085+04:00  INFO 10492 --- [ResfulDemo] [main] a.e.a.w.r.ResfulDemoApplication          : No active profile set, falling back to 1 default profile: "default"
2024-05-25T16:26:34.373+04:00  INFO 10492 --- [ResfulDemo] [main] .s.d.r.c.RepositoryConfigurationDelegate : Bootstrapping Spring Data JPA repositories in DEFAULT mode.
2024-05-25T16:26:34.559+04:00  INFO 10492 --- [ResfulDemo] [main] .s.d.r.c.RepositoryConfigurationDelegate : Finished Spring Data repository scanning in 165 ms. Found 2 JPA repository interfaces.
2024-05-25T16:26:37.407+04:00  INFO 10492 --- [ResfulDemo] [main] o.s.b.w.embedded.tomcat.TomcatWebServer  : Tomcat initialized with port 8080 (http)
2024-05-25T16:26:37.468+04:00  INFO 10492 --- [ResfulDemo] [main] o.apache.catalina.core.StandardService   : Starting service [Tomcat]
2024-05-25T16:26:37.469+04:00  INFO 10492 --- [ResfulDemo] [main] o.apache.catalina.core.StandardEngine    : Starting Servlet engine: [Apache Tomcat/10.1.20]
2024-05-25T16:26:37.808+04:00  INFO 10492 --- [ResfulDemo] [main] o.a.c.c.C.[Tomcat].[localhost].[/]       : Initializing Spring embedded WebApplicationContext
2024-05-25T16:26:37.810+04:00  INFO 10492 --- [ResfulDemo] [main] w.s.c.ServletWebServerApplicationContext : Root WebApplicationContext: initialization completed in 5560 ms
2024-05-25T16:26:38.419+04:00  INFO 10492 --- [ResfulDemo] [main] o.hibernate.jpa.internal.util.LogHelper  : HHH000204: Processing PersistenceUnitInfo [name: default]
2024-05-25T16:26:38.620+04:00  INFO 10492 --- [ResfulDemo] [main] org.hibernate.Version                    : HHH000412: Hibernate ORM core version 6.4.4.Final
2024-05-25T16:26:38.768+04:00  INFO 10492 --- [ResfulDemo] [main] o.h.c.internal.RegionFactoryInitiator    : HHH000026: Second-level cache disabled
2024-05-25T16:26:39.580+04:00  INFO 10492 --- [ResfulDemo] [main] o.s.o.j.p.SpringPersistenceUnitInfo      : No LoadTimeWeaver setup: ignoring JPA class transformer
2024-05-25T16:26:39.653+04:00  INFO 10492 --- [ResfulDemo] [main] com.zaxxer.hikari.HikariDataSource       : HikariPool-1 - Starting...
2024-05-25T16:26:40.036+04:00  INFO 10492 --- [ResfulDemo] [main] com.zaxxer.hikari.pool.HikariPool        : HikariPool-1 - Added connection conn0: url=jdbc:h2:mem:restDB user=SA
2024-05-25T16:26:40.042+04:00  INFO 10492 --- [ResfulDemo] [main] com.zaxxer.hikari.HikariDataSource       : HikariPool-1 - Start completed.
2024-05-25T16:26:40.134+04:00  WARN 10492 --- [ResfulDemo] [main] org.hibernate.dialect.Dialect            : HHH000511: The 1.4.200 version for [org.hibernate.dialect.H2Dialect] is no longer supported, hence certain features may not work properly. The minimum supported version is 2.1.214. Check the community dialects project for available legacy versions.
2024-05-25T16:26:43.198+04:00  INFO 10492 --- [ResfulDemo] [main] o.h.e.t.j.p.i.JtaPlatformInitiator       : HHH000489: No JTA platform available (set 'hibernate.transaction.jta.platform' to enable JTA platform integration)
2024-05-25T16:26:43.366+04:00  INFO 10492 --- [ResfulDemo] [main] j.LocalContainerEntityManagerFactoryBean : Initialized JPA EntityManagerFactory for persistence unit 'default'
2024-05-25T16:26:44.593+04:00  INFO 10492 --- [ResfulDemo] [main] o.s.d.j.r.query.QueryEnhancerFactory     : Hibernate is in classpath; If applicable, HQL parser will be used.
2024-05-25T16:26:46.237+04:00  WARN 10492 --- [ResfulDemo] [main] JpaBaseConfiguration$JpaWebConfiguration : spring.jpa.open-in-view is enabled by default. Therefore, database queries may be performed during view rendering. Explicitly configure spring.jpa.open-in-view to disable this warning
2024-05-25T16:26:46.413+04:00  INFO 10492 --- [ResfulDemo] [main] o.s.b.a.w.s.WelcomePageHandlerMapping    : Adding welcome page template: index
2024-05-25T16:26:48.883+04:00  INFO 10492 --- [ResfulDemo] [main] o.s.b.w.embedded.tomcat.TomcatWebServer  : Tomcat started on port 8080 (http) with context path ''
2024-05-25T16:26:48.918+04:00  INFO 10492 --- [ResfulDemo] [main] a.e.a.w.r.ResfulDemoApplication          : Started ResfulDemoApplication in 18.811 seconds (process running for 19.999)
2024-05-25T16:33:39.879+04:00  INFO 10492 --- [ResfulDemo] [http-nio-8080-exec-3] o.a.c.c.C.[Tomcat].[localhost].[/]       : Initializing Spring DispatcherServlet 'dispatcherServlet'
2024-05-25T16:33:39.890+04:00  INFO 10492 --- [ResfulDemo] [http-nio-8080-exec-3] o.s.web.servlet.DispatcherServlet        : Initializing Servlet 'dispatcherServlet'
2024-05-25T16:33:39.945+04:00  INFO 10492 --- [ResfulDemo] [http-nio-8080-exec-3] o.s.web.servlet.DispatcherServlet        : Completed initialization in 52 ms
2024-05-25T16:33:42.567+04:00  INFO 10492 --- [ResfulDemo] [http-nio-8080-exec-10] a.e.a.w.r.aspect.ServiceLoggingAspect    : Calling method listDto with arguments [1, name, asc, , ]
2024-05-25T16:33:42.672+04:00  INFO 10492 --- [ResfulDemo] [http-nio-8080-exec-10] a.e.a.w.r.aspect.ServiceLoggingAspect    : Method listDto executed
2024-05-25T16:34:24.037+04:00  INFO 10492 --- [ResfulDemo] [http-nio-8080-exec-3] a.e.a.w.r.aspect.ServiceLoggingAspect    : Calling method listDto with arguments [1, name, asc, , ]
2024-05-25T16:34:24.044+04:00  INFO 10492 --- [ResfulDemo] [http-nio-8080-exec-3] a.e.a.w.r.aspect.ServiceLoggingAspect    : Method listDto executed
2024-05-25T16:34:26.867+04:00  INFO 10492 --- [ResfulDemo] [http-nio-8080-exec-10] a.e.a.w.r.aspect.ServiceLoggingAspect    : Calling method listDto with arguments [1, name, asc, , ]
2024-05-25T16:34:26.872+04:00  INFO 10492 --- [ResfulDemo] [http-nio-8080-exec-10] a.e.a.w.r.aspect.ServiceLoggingAspect    : Method listDto executed
2024-05-25T16:44:30.883+04:00  INFO 18948 --- [ResfulDemo] [Test worker] a.e.a.w.r.ResfulDemoApplicationTests     : Starting ResfulDemoApplicationTests using Java 17.0.10 with PID 18948 (started by nargi in C:\Users\nargi\OneDrive\Documents\web2\resfuldemo)
2024-05-25T16:44:30.887+04:00  INFO 18948 --- [ResfulDemo] [Test worker] a.e.a.w.r.ResfulDemoApplicationTests     : No active profile set, falling back to 1 default profile: "default"
2024-05-25T16:44:33.668+04:00  INFO 18948 --- [ResfulDemo] [Test worker] .s.d.r.c.RepositoryConfigurationDelegate : Bootstrapping Spring Data JPA repositories in DEFAULT mode.
2024-05-25T16:44:33.861+04:00  INFO 18948 --- [ResfulDemo] [Test worker] .s.d.r.c.RepositoryConfigurationDelegate : Finished Spring Data repository scanning in 168 ms. Found 2 JPA repository interfaces.
2024-05-25T16:44:36.225+04:00  INFO 18948 --- [ResfulDemo] [Test worker] o.hibernate.jpa.internal.util.LogHelper  : HHH000204: Processing PersistenceUnitInfo [name: default]
2024-05-25T16:44:36.466+04:00  INFO 18948 --- [ResfulDemo] [Test worker] org.hibernate.Version                    : HHH000412: Hibernate ORM core version 6.4.4.Final
2024-05-25T16:44:36.590+04:00  INFO 18948 --- [ResfulDemo] [Test worker] o.h.c.internal.RegionFactoryInitiator    : HHH000026: Second-level cache disabled
2024-05-25T16:44:37.013+04:00  INFO 18948 --- [ResfulDemo] [Test worker] o.s.o.j.p.SpringPersistenceUnitInfo      : No LoadTimeWeaver setup: ignoring JPA class transformer
2024-05-25T16:44:37.098+04:00  INFO 18948 --- [ResfulDemo] [Test worker] com.zaxxer.hikari.HikariDataSource       : HikariPool-1 - Starting...
2024-05-25T16:44:37.594+04:00  INFO 18948 --- [ResfulDemo] [Test worker] com.zaxxer.hikari.pool.HikariPool        : HikariPool-1 - Added connection conn0: url=jdbc:h2:mem:restDB user=SA
2024-05-25T16:44:37.598+04:00  INFO 18948 --- [ResfulDemo] [Test worker] com.zaxxer.hikari.HikariDataSource       : HikariPool-1 - Start completed.
2024-05-25T16:44:37.698+04:00  WARN 18948 --- [ResfulDemo] [Test worker] org.hibernate.dialect.Dialect            : HHH000511: The 1.4.200 version for [org.hibernate.dialect.H2Dialect] is no longer supported, hence certain features may not work properly. The minimum supported version is 2.1.214. Check the community dialects project for available legacy versions.
2024-05-25T16:44:39.454+04:00  INFO 18948 --- [ResfulDemo] [Test worker] o.h.e.t.j.p.i.JtaPlatformInitiator       : HHH000489: No JTA platform available (set 'hibernate.transaction.jta.platform' to enable JTA platform integration)
2024-05-25T16:44:39.513+04:00  INFO 18948 --- [ResfulDemo] [Test worker] j.LocalContainerEntityManagerFactoryBean : Initialized JPA EntityManagerFactory for persistence unit 'default'
2024-05-25T16:44:40.617+04:00  INFO 18948 --- [ResfulDemo] [Test worker] o.s.d.j.r.query.QueryEnhancerFactory     : Hibernate is in classpath; If applicable, HQL parser will be used.
2024-05-25T16:44:43.273+04:00  WARN 18948 --- [ResfulDemo] [Test worker] JpaBaseConfiguration$JpaWebConfiguration : spring.jpa.open-in-view is enabled by default. Therefore, database queries may be performed during view rendering. Explicitly configure spring.jpa.open-in-view to disable this warning
2024-05-25T16:44:43.434+04:00  INFO 18948 --- [ResfulDemo] [Test worker] o.s.b.a.w.s.WelcomePageHandlerMapping    : Adding welcome page template: index
2024-05-25T16:44:46.245+04:00  INFO 18948 --- [ResfulDemo] [Test worker] a.e.a.w.r.ResfulDemoApplicationTests     : Started ResfulDemoApplicationTests in 16.081 seconds (process running for 26.734)
2024-05-25T16:47:16.959+04:00  INFO 18948 --- [ResfulDemo] [SpringApplicationShutdownHook] j.LocalContainerEntityManagerFactoryBean : Closing JPA EntityManagerFactory for persistence unit 'default'
2024-05-25T16:47:16.971+04:00  WARN 18948 --- [ResfulDemo] [SpringApplicationShutdownHook] o.h.engine.jdbc.spi.SqlExceptionHelper   : SQL Error: 90121, SQLState: 90121
2024-05-25T16:47:16.972+04:00 ERROR 18948 --- [ResfulDemo] [SpringApplicationShutdownHook] o.h.engine.jdbc.spi.SqlExceptionHelper   : Database is already closed (to disable automatic closing at VM shutdown, add ";DB_CLOSE_ON_EXIT=FALSE" to the db URL) [90121-200]
2024-05-25T16:47:16.974+04:00  WARN 18948 --- [ResfulDemo] [SpringApplicationShutdownHook] o.h.engine.jdbc.spi.SqlExceptionHelper   : SQL Error: 90121, SQLState: 90121
2024-05-25T16:47:16.975+04:00 ERROR 18948 --- [ResfulDemo] [SpringApplicationShutdownHook] o.h.engine.jdbc.spi.SqlExceptionHelper   : Database is already closed (to disable automatic closing at VM shutdown, add ";DB_CLOSE_ON_EXIT=FALSE" to the db URL) [90121-200]
2024-05-25T16:47:16.976+04:00  WARN 18948 --- [ResfulDemo] [SpringApplicationShutdownHook] o.s.b.f.support.DisposableBeanAdapter    : Invocation of destroy method failed on bean with name 'entityManagerFactory': org.hibernate.exception.JDBCConnectionException: Unable to release JDBC Connection used for DDL execution [Database is already closed (to disable automatic closing at VM shutdown, add ";DB_CLOSE_ON_EXIT=FALSE" to the db URL) [90121-200]] [n/a]
2024-05-25T16:47:16.977+04:00  INFO 18948 --- [ResfulDemo] [SpringApplicationShutdownHook] com.zaxxer.hikari.HikariDataSource       : HikariPool-1 - Shutdown initiated...
2024-05-25T16:47:16.982+04:00  INFO 18948 --- [ResfulDemo] [SpringApplicationShutdownHook] com.zaxxer.hikari.HikariDataSource       : HikariPool-1 - Shutdown completed.
